Arguments: 
  /Users/grech_ca/.nvm/versions/node/v16.13.1/bin/node /opt/homebrew/Cellar/yarn/1.22.17_1/libexec/bin/yarn.js

PATH: 
  /Users/grech_ca/.nvm/versions/node/v16.13.1/bin:/opt/homebrew/opt/libpq/bin:/opt/homebrew/opt/mysql-client/bin:/opt/homebrew/bin:/opt/homebrew/sbin:/usr/local/bin:/usr/bin:/bin:/usr/sbin:/sbin:/usr/local/share/dotnet:/opt/X11/bin:~/.dotnet/tools:/Library/Apple/usr/bin:/Library/Frameworks/Mono.framework/Versions/Current/Commands:/Users/grech_ca/.cargo/bin

Yarn version: 
  1.22.17

Node version: 
  16.13.1

Platform: 
  darwin arm64

Trace: 
  SyntaxError: /Users/grech_ca/repos/movhub/client/package.json: Unexpected token } in JSON at position 579
      at JSON.parse (<anonymous>)
      at /opt/homebrew/Cellar/yarn/1.22.17_1/libexec/lib/cli.js:1625:59
      at Generator.next (<anonymous>)
      at step (/opt/homebrew/Cellar/yarn/1.22.17_1/libexec/lib/cli.js:310:30)
      at /opt/homebrew/Cellar/yarn/1.22.17_1/libexec/lib/cli.js:321:13

npm manifest: 
  {
    "name": "react-app",
    "version": "0.1.0",
    "private": true,
    "homepage": "http://localhost:3000/movies",
    "dependencies": {
      "axios": "^0.20.0",
      "query-string": "^6.13.2",
      "react": "^16.13.1",
      "react-bootstrap": "^1.3.0",
      "react-dom": "^16.13.1",
      "react-icons": "^3.11.0",
      "react-redux": "^7.2.1",
      "react-router": "^5.2.0",
      "react-router-dom": "^5.2.0",
      "react-scripts": "3.4.3",
      "redux": "^4.0.5",
      "styled-components": "^5.2.0",
      "vanilla-lazyload": "^17.1.2"
    },
    "devDependencies": {
      "concurrently": "^5.3.0",
    },
    "scripts": {
      "start": "react-scripts start",
      "build": "react-scripts build",
      "test": "react-scripts test --env=jsdom",
      "eject": "react-scripts eject",
      "client": "cd ../frontend && npm start",
      "server": "cd ../server && npm start",
      "dev": "concurrently \"npm run server\" \"npm run start\""
    },
    "browserslist": {
      "production": [
        ">0.2%",
        "not dead",
        "not op_mini all"
      ],
      "development": [
        "last 1 chrome version",
        "last 1 firefox version",
        "last 1 safari version"
      ]
    }
  }

yarn manifest: 
  No manifest

Lockfile: 
  No lockfile
